<?xml version="1.0" encoding="UTF-8"?>
<!-- Generated by org.testng.reporters.JUnitReportReporter -->
<testsuite hostname="DESKTOP-E84601L" failures="0" tests="1" name="test.LoginTest" time="3.752" errors="0" timestamp="2022-09-06T02:16:48 CDT" skipped="0">
  <testcase classname="test.LoginTest" name="validUserLogin" time="3.752"/>
  <system-out/>
</testsuite> <!-- test.LoginTest -->
