<?xml version="1.0" encoding="UTF-8"?>
<!-- Generated by org.testng.reporters.JUnitReportReporter -->
<testsuite hostname="DESKTOP-E84601L" failures="0" tests="1" name="test.AddCustomerTest" time="10.185" errors="0" timestamp="2022-09-07T01:20:03 CDT" skipped="0">
  <testcase classname="test.AddCustomerTest" name="validUserLogin" time="10.185"/>
  <system-out/>
</testsuite> <!-- test.AddCustomerTest -->
